<?xml version="1.0" encoding="UTF-8"?>
<!-- Generated by org.testng.reporters.JUnitReportReporter -->
<testsuite hostname="DESKTOP-KJC6B92" name="tests1.EditAccTest1" tests="1" failures="0" timestamp="17 Nov 2023 09:16:28 GMT" time="3.124" errors="0">
  <testcase name="performEditAccTest" time="3.124" classname="tests1.EditAccTest1"/>
</testsuite> <!-- tests1.EditAccTest1 -->
