<?xml version="1.0" encoding="UTF-8"?>
<!-- Generated by org.testng.reporters.JUnitReportReporter -->
<testsuite hostname="DESKTOP-KJC6B92" name="edit_acc_test.EditAddrTest" tests="1" failures="0" timestamp="17 Nov 2023 10:38:23 GMT" time="7.381" errors="0">
  <testcase name="performEditAddrTest" time="7.381" classname="edit_acc_test.EditAddrTest"/>
</testsuite> <!-- edit_acc_test.EditAddrTest -->
