<?xml version="1.0" encoding="UTF-8"?>
<!-- Generated by org.testng.reporters.JUnitReportReporter -->
<testsuite hostname="DESKTOP-KJC6B92" name="edit_acc_test.EditAccTest1" tests="1" failures="0" timestamp="17 Nov 2023 10:38:23 GMT" time="3.427" errors="0">
  <testcase name="performEditAccTest" time="3.427" classname="edit_acc_test.EditAccTest1"/>
</testsuite> <!-- edit_acc_test.EditAccTest1 -->
