<?xml version="1.0" encoding="UTF-8"?>
<!-- Generated by org.testng.reporters.JUnitReportReporter -->
<testsuite hostname="DESKTOP-KJC6B92" name="edit_acc_test.EditPassTest" tests="1" failures="0" timestamp="17 Nov 2023 10:38:23 GMT" time="7.065" errors="0">
  <testcase name="performEditPassTest" time="7.065" classname="edit_acc_test.EditPassTest"/>
</testsuite> <!-- edit_acc_test.EditPassTest -->
